<?xml version="1.0" encoding="UTF-8"?>
<!-- Generated by org.testng.reporters.JUnitReportReporter -->
<testsuite hostname="Sharma_Amit" failures="0" tests="2" name="FakeUser.CreateFakeUserTest" time="3.328" errors="0" timestamp="2024-09-26T04:18:31 IST" skipped="0">
  <testcase classname="FakeUser.CreateFakeUserTest" name="createUserTest_LombokPojo" time="0.603"/>
  <testcase classname="FakeUser.CreateFakeUserTest" name="createUserTest_LombokBuilder" time="2.725"/>
</testsuite> <!-- FakeUser.CreateFakeUserTest -->
