<?xml version="1.0" encoding="UTF-8"?>
<!-- Generated by org.testng.reporters.JUnitReportReporter -->
<testsuite hostname="Sharma_Amit" failures="0" tests="2" name="FakeUserAPITests.UpdateUserFakeAPITest" time="3.603" errors="0" timestamp="2024-09-26T04:24:08 IST" skipped="0">
  <testcase classname="FakeUserAPITests.UpdateUserFakeAPITest" name="createUserTest_LombokPOJO" time="0.643"/>
  <testcase classname="FakeUserAPITests.UpdateUserFakeAPITest" name="createUserTest_LombokBuilder" time="2.960"/>
</testsuite> <!-- FakeUserAPITests.UpdateUserFakeAPITest -->
